<?xml version="1.0" encoding="UTF-8"?>
<!-- Generated by org.testng.reporters.JUnitReportReporter -->
<testsuite hostname="LAPTOP-JPOVD5GC" failures="0" tests="1" name="day_1.GetRequiest1" time="1.682" errors="0" timestamp="2024-04-28T10:54:02 IST" skipped="0">
  <testcase classname="day_1.GetRequiest1" name="getSingleUser" time="1.682"/>
  <system-out/>
</testsuite> <!-- day_1.GetRequiest1 -->
